<?xml version="1.0" encoding="UTF-8"?>
<!-- Generated by org.testng.reporters.JUnitReportReporter -->
<testsuite hostname="CAITPAY-WL0187" failures="0" tests="1" name="com.BlazeDemo.testcases.CheckoutTest" time="17.558" errors="0" timestamp="2023-01-14T21:58:08 EET" skipped="0">
  <testcase classname="com.BlazeDemo.testcases.CheckoutTest" name="checkoutTest" time="17.558"/>
  <system-out/>
</testsuite> <!-- com.BlazeDemo.testcases.CheckoutTest -->
