<?xml version="1.0" encoding="UTF-8"?>
<!-- Generated by org.testng.reporters.JUnitReportReporter -->
<testsuite hostname="CAITPAY-WL0187" failures="0" tests="1" name="com.BlazeDemo.testcases.SignupTest" time="9.480" errors="0" timestamp="2023-01-14T21:58:08 EET" skipped="0">
  <testcase classname="com.BlazeDemo.testcases.SignupTest" name="signupTest" time="9.480"/>
  <system-out/>
</testsuite> <!-- com.BlazeDemo.testcases.SignupTest -->
