<?xml version="1.0" encoding="UTF-8"?>
<!-- Generated by org.testng.reporters.JUnitReportReporter -->
<testsuite hostname="CAITPAY-WL0187" failures="0" tests="1" name="com.BlazeDemo.testcases.ItemsInCategoriesTest" time="11.399" errors="0" timestamp="2023-01-14T21:58:08 EET" skipped="0">
  <testcase classname="com.BlazeDemo.testcases.ItemsInCategoriesTest" name="itemsInCategoriesTest" time="11.399"/>
  <system-out/>
</testsuite> <!-- com.BlazeDemo.testcases.ItemsInCategoriesTest -->
